c:\users\sh\downloads\3d1_tool\engine\utility\default\release\vc140.pdb
c:\users\sh\downloads\3d1_tool\engine\utility\default\release\scene.obj
c:\users\sh\downloads\3d1_tool\engine\utility\default\release\rendertargetmgr.obj
c:\users\sh\downloads\3d1_tool\engine\utility\default\release\rendertarget.obj
c:\users\sh\downloads\3d1_tool\engine\utility\default\release\renderer.obj
c:\users\sh\downloads\3d1_tool\engine\utility\default\release\quadtree.obj
c:\users\sh\downloads\3d1_tool\engine\utility\default\release\prototypemgr.obj
c:\users\sh\downloads\3d1_tool\engine\utility\default\release\pipeline.obj
c:\users\sh\downloads\3d1_tool\engine\utility\default\release\optimization.obj
c:\users\sh\downloads\3d1_tool\engine\utility\default\release\management.obj
c:\users\sh\downloads\3d1_tool\engine\utility\default\release\lightmgr.obj
c:\users\sh\downloads\3d1_tool\engine\utility\default\release\light.obj
c:\users\sh\downloads\3d1_tool\engine\utility\default\release\layer.obj
c:\users\sh\downloads\3d1_tool\engine\utility\default\release\gameobject.obj
c:\users\sh\downloads\3d1_tool\engine\utility\default\release\frustum.obj
c:\users\sh\downloads\3d1_tool\engine\utility\default\release\component.obj
c:\users\sh\downloads\3d1_tool\engine\utility\default\release\collidersphere.obj
c:\users\sh\downloads\3d1_tool\engine\utility\default\release\colliderbox.obj
c:\users\sh\downloads\3d1_tool\engine\utility\default\release\collider.obj
c:\users\sh\downloads\3d1_tool\engine\utility\default\release\camera.obj
c:\users\sh\downloads\3d1_tool\engine\utility\default\release\calculator.obj
c:\users\sh\downloads\3d1_tool\engine\utility\default\release\transform.obj
c:\users\sh\downloads\3d1_tool\engine\utility\default\release\shader.obj
c:\users\sh\downloads\3d1_tool\engine\utility\bin\utility.dll
c:\users\sh\downloads\3d1_tool\engine\utility\bin\utility.pdb
c:\users\sh\downloads\3d1_tool\engine\utility\bin\utility.lib
c:\users\sh\downloads\3d1_tool\engine\utility\bin\utility.exp
c:\users\sh\downloads\3d1_tool\engine\utility\default\../bin\utility.dll
c:\users\sh\downloads\3d1_tool\engine\utility\default\release\utility.tlog\cl.command.1.tlog
c:\users\sh\downloads\3d1_tool\engine\utility\default\release\utility.tlog\cl.read.1.tlog
c:\users\sh\downloads\3d1_tool\engine\utility\default\release\utility.tlog\cl.write.1.tlog
c:\users\sh\downloads\3d1_tool\engine\utility\default\release\utility.tlog\link.command.1.tlog
c:\users\sh\downloads\3d1_tool\engine\utility\default\release\utility.tlog\link.read.1.tlog
c:\users\sh\downloads\3d1_tool\engine\utility\default\release\utility.tlog\link.write.1.tlog
c:\users\sh\downloads\3d1_tool\engine\utility\default\release\utility.tlog\utility.write.1u.tlog
