c:\users\sh\downloads\3d1_tool\client\default\release\vc140.pdb
c:\users\sh\downloads\3d1_tool\client\default\release\warppiedestal.obj
c:\users\sh\downloads\3d1_tool\client\default\release\terrain.obj
c:\users\sh\downloads\3d1_tool\client\default\release\switch.obj
c:\users\sh\downloads\3d1_tool\client\default\release\staticmeshobj.obj
c:\users\sh\downloads\3d1_tool\client\default\release\staticcamera.obj
c:\users\sh\downloads\3d1_tool\client\default\release\stage.obj
c:\users\sh\downloads\3d1_tool\client\default\release\player.obj
c:\users\sh\downloads\3d1_tool\client\default\release\mazewall.obj
c:\users\sh\downloads\3d1_tool\client\default\release\mainapp.obj
c:\users\sh\downloads\3d1_tool\client\default\release\logo.obj
c:\users\sh\downloads\3d1_tool\client\default\release\loading.obj
c:\users\sh\downloads\3d1_tool\client\default\release\heavymetal.obj
c:\users\sh\downloads\3d1_tool\client\default\release\dynamicmeshobj.obj
c:\users\sh\downloads\3d1_tool\client\default\release\dynamiccamera.obj
c:\users\sh\downloads\3d1_tool\client\default\release\doorframe.obj
c:\users\sh\downloads\3d1_tool\client\default\release\door.obj
c:\users\sh\downloads\3d1_tool\client\default\release\conveyor.obj
c:\users\sh\downloads\3d1_tool\client\default\release\ball.obj
c:\users\sh\downloads\3d1_tool\client\default\release\background.obj
c:\users\sh\downloads\3d1_tool\client\default\release\aim.obj
c:\users\sh\downloads\3d1_tool\client\default\release\client.obj
c:\users\sh\downloads\3d1_tool\client\default\release\stage2.obj
c:\users\sh\downloads\3d1_tool\client\default\release\lift.obj
c:\users\sh\downloads\3d1_tool\client\default\release\robotgun.obj
c:\users\sh\downloads\3d1_tool\client\default\release\robot.obj
c:\users\sh\downloads\3d1_tool\client\default\release\powercell.obj
c:\users\sh\downloads\3d1_tool\client\default\release\laser.obj
c:\users\sh\downloads\3d1_tool\client\default\release\fixedlaser.obj
c:\users\sh\downloads\3d1_tool\client\default\release\cornercon.obj
c:\users\sh\downloads\3d1_tool\client\default\release\straightcon.obj
c:\users\sh\downloads\3d1_tool\client\default\release\shiny.obj
c:\users\sh\downloads\3d1_tool\client\default\release\robotlaser.obj
c:\users\sh\downloads\3d1_tool\client\default\release\portal.obj
c:\users\sh\downloads\3d1_tool\client\default\release\hatch.obj
c:\users\sh\downloads\3d1_tool\client\default\release\explosion.obj
c:\users\sh\downloads\3d1_tool\client\default\release\cloneeffect.obj
c:\users\sh\downloads\3d1_tool\client\default\release\clone.obj
c:\users\sh\downloads\3d1_tool\client\default\release\bosswall.obj
c:\users\sh\downloads\3d1_tool\client\default\release\boss.obj
c:\users\sh\downloads\3d1_tool\client\default\release\warpeffect.obj
c:\users\sh\downloads\3d1_tool\client\default\release\soundmgr.obj
c:\users\sh\downloads\3d1_tool\client\default\release\load.obj
c:\users\sh\downloads\3d1_tool\client\default\release\button.obj
c:\users\sh\downloads\3d1_tool\client\default\release\client.pch
c:\users\sh\downloads\3d1_tool\client\default\release\stdafx.obj
c:\users\sh\downloads\3d1_tool\client\default\release\smoke.obj
c:\users\sh\downloads\3d1_tool\client\default\release\loadplayer.obj
c:\users\sh\downloads\3d1_tool\client\bin\client.lib
c:\users\sh\downloads\3d1_tool\client\bin\client.exp
c:\users\sh\downloads\3d1_tool\client\bin\client.exe
c:\users\sh\downloads\3d1_tool\client\bin\client.ipdb
c:\users\sh\downloads\3d1_tool\client\bin\client.iobj
c:\users\sh\downloads\3d1_tool\client\bin\client.pdb
c:\users\sh\downloads\3d1_tool\client\default\release\client.res
c:\users\sh\downloads\3d1_tool\client\default\../bin\client.exe
c:\users\sh\downloads\3d1_tool\client\default\release\client.tlog\cl.command.1.tlog
c:\users\sh\downloads\3d1_tool\client\default\release\client.tlog\cl.read.1.tlog
c:\users\sh\downloads\3d1_tool\client\default\release\client.tlog\cl.write.1.tlog
c:\users\sh\downloads\3d1_tool\client\default\release\client.tlog\client.write.1u.tlog
c:\users\sh\downloads\3d1_tool\client\default\release\client.tlog\link.command.1.tlog
c:\users\sh\downloads\3d1_tool\client\default\release\client.tlog\link.read.1.tlog
c:\users\sh\downloads\3d1_tool\client\default\release\client.tlog\link.write.1.tlog
c:\users\sh\downloads\3d1_tool\client\default\release\client.tlog\rc.command.1.tlog
c:\users\sh\downloads\3d1_tool\client\default\release\client.tlog\rc.read.1.tlog
c:\users\sh\downloads\3d1_tool\client\default\release\client.tlog\rc.write.1.tlog
