c:\users\sh\downloads\3d1_tool\engine\utility\default\debug\vc140.pdb
c:\users\sh\downloads\3d1_tool\engine\utility\default\debug\vc140.idb
c:\users\sh\downloads\3d1_tool\engine\utility\default\debug\collider.obj
c:\users\sh\downloads\3d1_tool\engine\utility\default\debug\colliderbox.obj
c:\users\sh\downloads\3d1_tool\engine\utility\default\debug\collidersphere.obj
c:\users\sh\downloads\3d1_tool\engine\utility\default\debug\component.obj
c:\users\sh\downloads\3d1_tool\engine\utility\default\debug\frustum.obj
c:\users\sh\downloads\3d1_tool\engine\utility\default\debug\gameobject.obj
c:\users\sh\downloads\3d1_tool\engine\utility\default\debug\layer.obj
c:\users\sh\downloads\3d1_tool\engine\utility\default\debug\light.obj
c:\users\sh\downloads\3d1_tool\engine\utility\default\debug\lightmgr.obj
c:\users\sh\downloads\3d1_tool\engine\utility\default\debug\management.obj
c:\users\sh\downloads\3d1_tool\engine\utility\default\debug\optimization.obj
c:\users\sh\downloads\3d1_tool\engine\utility\default\debug\pipeline.obj
c:\users\sh\downloads\3d1_tool\engine\utility\default\debug\prototypemgr.obj
c:\users\sh\downloads\3d1_tool\engine\utility\default\debug\quadtree.obj
c:\users\sh\downloads\3d1_tool\engine\utility\default\debug\renderer.obj
c:\users\sh\downloads\3d1_tool\engine\utility\default\debug\rendertarget.obj
c:\users\sh\downloads\3d1_tool\engine\utility\default\debug\rendertargetmgr.obj
c:\users\sh\downloads\3d1_tool\engine\utility\default\debug\scene.obj
c:\users\sh\downloads\3d1_tool\engine\utility\default\debug\shader.obj
c:\users\sh\downloads\3d1_tool\engine\utility\default\debug\transform.obj
c:\users\sh\downloads\3d1_tool\engine\utility\default\debug\calculator.obj
c:\users\sh\downloads\3d1_tool\engine\utility\default\debug\camera.obj
c:\users\sh\downloads\3d1_tool\engine\utility\bin\utility.ilk
c:\users\sh\downloads\3d1_tool\engine\utility\bin\utility.dll
c:\users\sh\downloads\3d1_tool\engine\utility\bin\utility.pdb
c:\users\sh\downloads\3d1_tool\engine\utility\bin\utility.lib
c:\users\sh\downloads\3d1_tool\engine\utility\bin\utility.exp
c:\users\sh\downloads\3d1_tool\engine\utility\default\../bin\utility.dll
c:\users\sh\downloads\3d1_tool\engine\utility\default\debug\utility.tlog\cl.command.1.tlog
c:\users\sh\downloads\3d1_tool\engine\utility\default\debug\utility.tlog\cl.read.1.tlog
c:\users\sh\downloads\3d1_tool\engine\utility\default\debug\utility.tlog\cl.write.1.tlog
c:\users\sh\downloads\3d1_tool\engine\utility\default\debug\utility.tlog\link.command.1.tlog
c:\users\sh\downloads\3d1_tool\engine\utility\default\debug\utility.tlog\link.read.1.tlog
c:\users\sh\downloads\3d1_tool\engine\utility\default\debug\utility.tlog\link.write.1.tlog
c:\users\sh\downloads\3d1_tool\engine\utility\default\debug\utility.tlog\utility.write.1u.tlog
