c:\users\sh\downloads\3d1_tool\engine\system\default\release\vc140.pdb
c:\users\sh\downloads\3d1_tool\engine\system\default\release\timermgr.obj
c:\users\sh\downloads\3d1_tool\engine\system\default\release\timer.obj
c:\users\sh\downloads\3d1_tool\engine\system\default\release\inputdev.obj
c:\users\sh\downloads\3d1_tool\engine\system\default\release\graphicdev.obj
c:\users\sh\downloads\3d1_tool\engine\system\default\release\framemgr.obj
c:\users\sh\downloads\3d1_tool\engine\system\default\release\frame.obj
c:\users\sh\downloads\3d1_tool\engine\system\default\release\fontmgr.obj
c:\users\sh\downloads\3d1_tool\engine\system\default\release\font.obj
c:\users\sh\downloads\3d1_tool\engine\system\bin\system.dll
c:\users\sh\downloads\3d1_tool\engine\system\bin\system.ipdb
c:\users\sh\downloads\3d1_tool\engine\system\bin\system.iobj
c:\users\sh\downloads\3d1_tool\engine\system\bin\system.pdb
c:\users\sh\downloads\3d1_tool\engine\system\bin\system.lib
c:\users\sh\downloads\3d1_tool\engine\system\bin\system.exp
c:\users\sh\downloads\3d1_tool\engine\system\default\../bin\system.dll
c:\users\sh\downloads\3d1_tool\engine\system\default\release\system.tlog\cl.command.1.tlog
c:\users\sh\downloads\3d1_tool\engine\system\default\release\system.tlog\cl.read.1.tlog
c:\users\sh\downloads\3d1_tool\engine\system\default\release\system.tlog\cl.write.1.tlog
c:\users\sh\downloads\3d1_tool\engine\system\default\release\system.tlog\link.command.1.tlog
c:\users\sh\downloads\3d1_tool\engine\system\default\release\system.tlog\link.read.1.tlog
c:\users\sh\downloads\3d1_tool\engine\system\default\release\system.tlog\link.write.1.tlog
c:\users\sh\downloads\3d1_tool\engine\system\default\release\system.tlog\system.write.1u.tlog
