c:\users\sh\downloads\3d1_tool\engine\resources\default\release\vc140.pdb
c:\users\sh\downloads\3d1_tool\engine\resources\default\release\resourcesmgr.obj
c:\users\sh\downloads\3d1_tool\engine\resources\default\release\navimesh.obj
c:\users\sh\downloads\3d1_tool\engine\resources\default\release\anictrl.obj
c:\users\sh\downloads\3d1_tool\engine\resources\default\release\cell.obj
c:\users\sh\downloads\3d1_tool\engine\resources\default\release\line.obj
c:\users\sh\downloads\3d1_tool\engine\resources\default\release\vibuffer.obj
c:\users\sh\downloads\3d1_tool\engine\resources\default\release\tricol.obj
c:\users\sh\downloads\3d1_tool\engine\resources\default\release\texture.obj
c:\users\sh\downloads\3d1_tool\engine\resources\default\release\terraintex.obj
c:\users\sh\downloads\3d1_tool\engine\resources\default\release\staticmesh.obj
c:\users\sh\downloads\3d1_tool\engine\resources\default\release\resources.obj
c:\users\sh\downloads\3d1_tool\engine\resources\default\release\rctex.obj
c:\users\sh\downloads\3d1_tool\engine\resources\default\release\rccol.obj
c:\users\sh\downloads\3d1_tool\engine\resources\default\release\mesh.obj
c:\users\sh\downloads\3d1_tool\engine\resources\default\release\hierarchyloader.obj
c:\users\sh\downloads\3d1_tool\engine\resources\default\release\dynamicmesh.obj
c:\users\sh\downloads\3d1_tool\engine\resources\default\release\cubetex.obj
c:\users\sh\downloads\3d1_tool\engine\resources\bin\resources.dll
c:\users\sh\downloads\3d1_tool\engine\resources\bin\resources.pdb
c:\users\sh\downloads\3d1_tool\engine\resources\bin\resources.lib
c:\users\sh\downloads\3d1_tool\engine\resources\bin\resources.exp
c:\users\sh\downloads\3d1_tool\engine\resources\default\../bin\resources.dll
c:\users\sh\downloads\3d1_tool\engine\resources\default\release\resources.tlog\cl.command.1.tlog
c:\users\sh\downloads\3d1_tool\engine\resources\default\release\resources.tlog\cl.read.1.tlog
c:\users\sh\downloads\3d1_tool\engine\resources\default\release\resources.tlog\cl.write.1.tlog
c:\users\sh\downloads\3d1_tool\engine\resources\default\release\resources.tlog\link.command.1.tlog
c:\users\sh\downloads\3d1_tool\engine\resources\default\release\resources.tlog\link.read.1.tlog
c:\users\sh\downloads\3d1_tool\engine\resources\default\release\resources.tlog\link.write.1.tlog
c:\users\sh\downloads\3d1_tool\engine\resources\default\release\resources.tlog\resources.write.1u.tlog
