c:\users\sh\downloads\3d1_tool\client\default\debug\client.pch
c:\users\sh\downloads\3d1_tool\client\default\debug\vc140.pdb
c:\users\sh\downloads\3d1_tool\client\default\debug\vc140.idb
c:\users\sh\downloads\3d1_tool\client\default\debug\stdafx.obj
c:\users\sh\downloads\3d1_tool\client\default\debug\conveyor.obj
c:\users\sh\downloads\3d1_tool\client\default\debug\door.obj
c:\users\sh\downloads\3d1_tool\client\default\debug\doorframe.obj
c:\users\sh\downloads\3d1_tool\client\default\debug\dynamiccamera.obj
c:\users\sh\downloads\3d1_tool\client\default\debug\dynamicmeshobj.obj
c:\users\sh\downloads\3d1_tool\client\default\debug\heavymetal.obj
c:\users\sh\downloads\3d1_tool\client\default\debug\lift.obj
c:\users\sh\downloads\3d1_tool\client\default\debug\loading.obj
c:\users\sh\downloads\3d1_tool\client\default\debug\logo.obj
c:\users\sh\downloads\3d1_tool\client\default\debug\mainapp.obj
c:\users\sh\downloads\3d1_tool\client\default\debug\mazewall.obj
c:\users\sh\downloads\3d1_tool\client\default\debug\player.obj
c:\users\sh\downloads\3d1_tool\client\default\debug\stage.obj
c:\users\sh\downloads\3d1_tool\client\default\debug\stage2.obj
c:\users\sh\downloads\3d1_tool\client\default\debug\staticcamera.obj
c:\users\sh\downloads\3d1_tool\client\default\debug\staticmeshobj.obj
c:\users\sh\downloads\3d1_tool\client\default\debug\switch.obj
c:\users\sh\downloads\3d1_tool\client\default\debug\terrain.obj
c:\users\sh\downloads\3d1_tool\client\default\debug\warppiedestal.obj
c:\users\sh\downloads\3d1_tool\client\default\debug\client.obj
c:\users\sh\downloads\3d1_tool\client\default\debug\aim.obj
c:\users\sh\downloads\3d1_tool\client\default\debug\background.obj
c:\users\sh\downloads\3d1_tool\client\default\debug\ball.obj
c:\users\sh\downloads\3d1_tool\client\default\debug\robot.obj
c:\users\sh\downloads\3d1_tool\client\default\debug\robotgun.obj
c:\users\sh\downloads\3d1_tool\client\default\debug\powercell.obj
c:\users\sh\downloads\3d1_tool\client\default\debug\laser.obj
c:\users\sh\downloads\3d1_tool\client\default\debug\fixedlaser.obj
c:\users\sh\downloads\3d1_tool\client\default\debug\robotlaser.obj
c:\users\sh\downloads\3d1_tool\client\default\debug\straightcon.obj
c:\users\sh\downloads\3d1_tool\client\default\debug\connercon.obj
c:\users\sh\downloads\3d1_tool\client\default\debug\cornercon.obj
c:\users\sh\downloads\3d1_tool\client\default\debug\shiny.obj
c:\users\sh\downloads\3d1_tool\client\default\debug\hatch.obj
c:\users\sh\downloads\3d1_tool\client\default\debug\portal.obj
c:\users\sh\downloads\3d1_tool\client\default\debug\bosswall.obj
c:\users\sh\downloads\3d1_tool\client\default\debug\clone.obj
c:\users\sh\downloads\3d1_tool\client\default\debug\boss.obj
c:\users\sh\downloads\3d1_tool\client\default\debug\warpeffect.obj
c:\users\sh\downloads\3d1_tool\client\default\debug\explosion.obj
c:\users\sh\downloads\3d1_tool\client\default\debug\cloneeffect.obj
c:\users\sh\downloads\3d1_tool\client\default\debug\soundmgr.obj
c:\users\sh\downloads\3d1_tool\client\bin\client.lib
c:\users\sh\downloads\3d1_tool\client\bin\client.exp
c:\users\sh\downloads\3d1_tool\client\bin\client.ilk
c:\users\sh\downloads\3d1_tool\client\bin\client.exe
c:\users\sh\downloads\3d1_tool\client\bin\client.pdb
c:\users\sh\downloads\3d1_tool\client\default\debug\client.res
c:\users\sh\downloads\3d1_tool\client\default\debug\boss.obj.enc
c:\users\sh\downloads\3d1_tool\client\default\debug\player.obj.enc
c:\users\sh\downloads\3d1_tool\client\default\debug\robotgun.obj.enc
c:\users\sh\downloads\3d1_tool\client\default\debug\robotlaser.obj.enc
c:\users\sh\downloads\3d1_tool\client\default\debug\warpeffect.new.obj.enc
c:\users\sh\downloads\3d1_tool\client\default\../bin\client.exe
c:\users\sh\downloads\3d1_tool\client\default\debug\client.tlog\cl.command.1.tlog
c:\users\sh\downloads\3d1_tool\client\default\debug\client.tlog\cl.read.1.tlog
c:\users\sh\downloads\3d1_tool\client\default\debug\client.tlog\cl.write.1.tlog
c:\users\sh\downloads\3d1_tool\client\default\debug\client.tlog\client.write.1u.tlog
c:\users\sh\downloads\3d1_tool\client\default\debug\client.tlog\link.command.1.tlog
c:\users\sh\downloads\3d1_tool\client\default\debug\client.tlog\link.read.1.tlog
c:\users\sh\downloads\3d1_tool\client\default\debug\client.tlog\link.write.1.tlog
c:\users\sh\downloads\3d1_tool\client\default\debug\client.tlog\rc.command.1.tlog
c:\users\sh\downloads\3d1_tool\client\default\debug\client.tlog\rc.read.1.tlog
c:\users\sh\downloads\3d1_tool\client\default\debug\client.tlog\rc.write.1.tlog
